c:\users\training\desktop\c++\set-1\account1\x64\debug\gtest.pdb
c:\users\training\desktop\c++\set-1\account1\x64\debug\gtest_main.pdb
c:\users\training\desktop\c++\set-1\account1\x64\debug\account1.pch
c:\users\training\desktop\c++\set-1\account1\x64\debug\vc142.pdb
c:\users\training\desktop\c++\set-1\account1\x64\debug\account1.pchast
c:\users\training\desktop\c++\set-1\account1\x64\debug\account.nativecodeanalysis.sarif
c:\users\training\desktop\c++\set-1\account1\x64\debug\account.nativecodeanalysis.xml
c:\users\training\desktop\c++\set-1\account1\x64\debug\account.obj
c:\users\training\desktop\c++\set-1\account1\x64\debug\account_test.nativecodeanalysis.sarif
c:\users\training\desktop\c++\set-1\account1\x64\debug\account_test.nativecodeanalysis.xml
c:\users\training\desktop\c++\set-1\account1\x64\debug\account_test.obj
c:\users\training\desktop\c++\set-1\account1\x64\debug\account1.ilk
c:\users\training\desktop\c++\set-1\account1\x64\debug\account1.exe
c:\users\training\desktop\c++\set-1\account1\x64\debug\account1.pdb
c:\users\training\desktop\c++\set-1\account1\x64\debug\nativecodeanalysis.read.1.tlog
c:\users\training\desktop\c++\set-1\account1\x64\debug\vc.nativecodeanalysis.all.xml
c:\users\training\desktop\c++\set-1\account1\x64\debug\account1.exe.lastcodeanalysissucceeded
c:\users\training\desktop\c++\set-1\account1\x64\debug\account1.tlog\account1.write.1u.tlog
c:\users\training\desktop\c++\set-1\account1\x64\debug\account1.tlog\cl.command.1.tlog
c:\users\training\desktop\c++\set-1\account1\x64\debug\account1.tlog\cl.read.1.tlog
c:\users\training\desktop\c++\set-1\account1\x64\debug\account1.tlog\cl.write.1.tlog
c:\users\training\desktop\c++\set-1\account1\x64\debug\account1.tlog\link.command.1.tlog
c:\users\training\desktop\c++\set-1\account1\x64\debug\account1.tlog\link.read.1.tlog
c:\users\training\desktop\c++\set-1\account1\x64\debug\account1.tlog\link.write.1.tlog
